<?xml version="1.0" encoding="UTF-8"?>
<testsuites>
  <testsuite name="CodeIgniter Application Test Suite" tests="53" assertions="53" errors="1" warnings="0" failures="0" skipped="5" time="2.709600">
    <testsuite name="Api_test" file="/home/antvolin/projects/payment_callback/application/tests/controllers/Api_test.php" tests="1" assertions="0" errors="0" warnings="0" failures="0" skipped="1" time="0.068985">
      <testcase name="shouldBeConstructable" class="Api_test" classname="Api_test" file="/home/antvolin/projects/payment_callback/application/tests/controllers/Api_test.php" line="8" assertions="0" time="0.068985">
        <skipped/>
      </testcase>
    </testsuite>
    <testsuite name="Page_test" file="/home/antvolin/projects/payment_callback/application/tests/controllers/Page_test.php" tests="1" assertions="0" errors="0" warnings="0" failures="0" skipped="1" time="0.046485">
      <testcase name="shouldBeConstructable" class="Page_test" classname="Page_test" file="/home/antvolin/projects/payment_callback/application/tests/controllers/Page_test.php" line="8" assertions="0" time="0.046485">
        <skipped/>
      </testcase>
    </testsuite>
    <testsuite name="Tests\libraries\Entity\Order\OrderId_test" file="/home/antvolin/projects/payment_callback/application/tests/libraries/Entity/Order/OrderId_test.php" tests="8" assertions="8" errors="0" warnings="0" failures="0" skipped="0" time="0.373837">
      <testcase name="shouldBeConstructable" class="Tests\libraries\Entity\Order\OrderId_test" classname="Tests.libraries.Entity.Order.OrderId_test" file="/home/antvolin/projects/payment_callback/application/tests/libraries/Entity/Order/OrderId_test.php" line="16" assertions="1" time="0.048084"/>
      <testsuite name="Tests\libraries\Entity\Order\OrderId_test::shouldBeNotConstructableWithNotValidValue" tests="7" assertions="7" errors="0" warnings="0" failures="0" skipped="0" time="0.325753">
        <testcase name="shouldBeNotConstructableWithNotValidValue with data set #0" class="Tests\libraries\Entity\Order\OrderId_test" classname="Tests.libraries.Entity.Order.OrderId_test" file="/home/antvolin/projects/payment_callback/application/tests/libraries/Entity/Order/OrderId_test.php" line="33" assertions="1" time="0.050856"/>
        <testcase name="shouldBeNotConstructableWithNotValidValue with data set #1" class="Tests\libraries\Entity\Order\OrderId_test" classname="Tests.libraries.Entity.Order.OrderId_test" file="/home/antvolin/projects/payment_callback/application/tests/libraries/Entity/Order/OrderId_test.php" line="33" assertions="1" time="0.045621"/>
        <testcase name="shouldBeNotConstructableWithNotValidValue with data set #2" class="Tests\libraries\Entity\Order\OrderId_test" classname="Tests.libraries.Entity.Order.OrderId_test" file="/home/antvolin/projects/payment_callback/application/tests/libraries/Entity/Order/OrderId_test.php" line="33" assertions="1" time="0.045853"/>
        <testcase name="shouldBeNotConstructableWithNotValidValue with data set #3" class="Tests\libraries\Entity\Order\OrderId_test" classname="Tests.libraries.Entity.Order.OrderId_test" file="/home/antvolin/projects/payment_callback/application/tests/libraries/Entity/Order/OrderId_test.php" line="33" assertions="1" time="0.045641"/>
        <testcase name="shouldBeNotConstructableWithNotValidValue with data set #4" class="Tests\libraries\Entity\Order\OrderId_test" classname="Tests.libraries.Entity.Order.OrderId_test" file="/home/antvolin/projects/payment_callback/application/tests/libraries/Entity/Order/OrderId_test.php" line="33" assertions="1" time="0.046097"/>
        <testcase name="shouldBeNotConstructableWithNotValidValue with data set #5" class="Tests\libraries\Entity\Order\OrderId_test" classname="Tests.libraries.Entity.Order.OrderId_test" file="/home/antvolin/projects/payment_callback/application/tests/libraries/Entity/Order/OrderId_test.php" line="33" assertions="1" time="0.045945"/>
        <testcase name="shouldBeNotConstructableWithNotValidValue with data set #6" class="Tests\libraries\Entity\Order\OrderId_test" classname="Tests.libraries.Entity.Order.OrderId_test" file="/home/antvolin/projects/payment_callback/application/tests/libraries/Entity/Order/OrderId_test.php" line="33" assertions="1" time="0.045740"/>
      </testsuite>
    </testsuite>
    <testsuite name="Tests\libraries\Entity\Order\OrderStatus_test" file="/home/antvolin/projects/payment_callback/application/tests/libraries/Entity/Order/OrderStatus_test.php" tests="8" assertions="8" errors="0" warnings="0" failures="0" skipped="0" time="0.382071">
      <testcase name="shouldBeConstructable" class="Tests\libraries\Entity\Order\OrderStatus_test" classname="Tests.libraries.Entity.Order.OrderStatus_test" file="/home/antvolin/projects/payment_callback/application/tests/libraries/Entity/Order/OrderStatus_test.php" line="16" assertions="1" time="0.047260"/>
      <testsuite name="Tests\libraries\Entity\Order\OrderStatus_test::shouldBeNotConstructableWithNotValidValue" tests="7" assertions="7" errors="0" warnings="0" failures="0" skipped="0" time="0.334811">
        <testcase name="shouldBeNotConstructableWithNotValidValue with data set #0" class="Tests\libraries\Entity\Order\OrderStatus_test" classname="Tests.libraries.Entity.Order.OrderStatus_test" file="/home/antvolin/projects/payment_callback/application/tests/libraries/Entity/Order/OrderStatus_test.php" line="33" assertions="1" time="0.047739"/>
        <testcase name="shouldBeNotConstructableWithNotValidValue with data set #1" class="Tests\libraries\Entity\Order\OrderStatus_test" classname="Tests.libraries.Entity.Order.OrderStatus_test" file="/home/antvolin/projects/payment_callback/application/tests/libraries/Entity/Order/OrderStatus_test.php" line="33" assertions="1" time="0.048447"/>
        <testcase name="shouldBeNotConstructableWithNotValidValue with data set #2" class="Tests\libraries\Entity\Order\OrderStatus_test" classname="Tests.libraries.Entity.Order.OrderStatus_test" file="/home/antvolin/projects/payment_callback/application/tests/libraries/Entity/Order/OrderStatus_test.php" line="33" assertions="1" time="0.045843"/>
        <testcase name="shouldBeNotConstructableWithNotValidValue with data set #3" class="Tests\libraries\Entity\Order\OrderStatus_test" classname="Tests.libraries.Entity.Order.OrderStatus_test" file="/home/antvolin/projects/payment_callback/application/tests/libraries/Entity/Order/OrderStatus_test.php" line="33" assertions="1" time="0.045757"/>
        <testcase name="shouldBeNotConstructableWithNotValidValue with data set #4" class="Tests\libraries\Entity\Order\OrderStatus_test" classname="Tests.libraries.Entity.Order.OrderStatus_test" file="/home/antvolin/projects/payment_callback/application/tests/libraries/Entity/Order/OrderStatus_test.php" line="33" assertions="1" time="0.045605"/>
        <testcase name="shouldBeNotConstructableWithNotValidValue with data set #5" class="Tests\libraries\Entity\Order\OrderStatus_test" classname="Tests.libraries.Entity.Order.OrderStatus_test" file="/home/antvolin/projects/payment_callback/application/tests/libraries/Entity/Order/OrderStatus_test.php" line="33" assertions="1" time="0.050759"/>
        <testcase name="shouldBeNotConstructableWithNotValidValue with data set #6" class="Tests\libraries\Entity\Order\OrderStatus_test" classname="Tests.libraries.Entity.Order.OrderStatus_test" file="/home/antvolin/projects/payment_callback/application/tests/libraries/Entity/Order/OrderStatus_test.php" line="33" assertions="1" time="0.050661"/>
      </testsuite>
    </testsuite>
    <testsuite name="Tests\libraries\Entity\Order\Order_test" file="/home/antvolin/projects/payment_callback/application/tests/libraries/Entity/Order/Order_test.php" tests="2" assertions="2" errors="0" warnings="0" failures="0" skipped="0" time="0.148211">
      <testcase name="shouldBeConstructable" class="Tests\libraries\Entity\Order\Order_test" classname="Tests.libraries.Entity.Order.Order_test" file="/home/antvolin/projects/payment_callback/application/tests/libraries/Entity/Order/Order_test.php" line="28" assertions="1" time="0.095566"/>
      <testcase name="shouldBeConvertedToArray" class="Tests\libraries\Entity\Order\Order_test" classname="Tests.libraries.Entity.Order.Order_test" file="/home/antvolin/projects/payment_callback/application/tests/libraries/Entity/Order/Order_test.php" line="38" assertions="1" time="0.052645"/>
    </testsuite>
    <testsuite name="Tests\libraries\Entity\Transaction\TransactionId_test" file="/home/antvolin/projects/payment_callback/application/tests/libraries/Entity/Transaction/TransactionId_test.php" tests="8" assertions="8" errors="0" warnings="0" failures="0" skipped="0" time="0.369834">
      <testcase name="shouldBeConstructable" class="Tests\libraries\Entity\Transaction\TransactionId_test" classname="Tests.libraries.Entity.Transaction.TransactionId_test" file="/home/antvolin/projects/payment_callback/application/tests/libraries/Entity/Transaction/TransactionId_test.php" line="16" assertions="1" time="0.047415"/>
      <testsuite name="Tests\libraries\Entity\Transaction\TransactionId_test::shouldBeNotConstructableWithNotValidValue" tests="7" assertions="7" errors="0" warnings="0" failures="0" skipped="0" time="0.322419">
        <testcase name="shouldBeNotConstructableWithNotValidValue with data set #0" class="Tests\libraries\Entity\Transaction\TransactionId_test" classname="Tests.libraries.Entity.Transaction.TransactionId_test" file="/home/antvolin/projects/payment_callback/application/tests/libraries/Entity/Transaction/TransactionId_test.php" line="33" assertions="1" time="0.046798"/>
        <testcase name="shouldBeNotConstructableWithNotValidValue with data set #1" class="Tests\libraries\Entity\Transaction\TransactionId_test" classname="Tests.libraries.Entity.Transaction.TransactionId_test" file="/home/antvolin/projects/payment_callback/application/tests/libraries/Entity/Transaction/TransactionId_test.php" line="33" assertions="1" time="0.046334"/>
        <testcase name="shouldBeNotConstructableWithNotValidValue with data set #2" class="Tests\libraries\Entity\Transaction\TransactionId_test" classname="Tests.libraries.Entity.Transaction.TransactionId_test" file="/home/antvolin/projects/payment_callback/application/tests/libraries/Entity/Transaction/TransactionId_test.php" line="33" assertions="1" time="0.045353"/>
        <testcase name="shouldBeNotConstructableWithNotValidValue with data set #3" class="Tests\libraries\Entity\Transaction\TransactionId_test" classname="Tests.libraries.Entity.Transaction.TransactionId_test" file="/home/antvolin/projects/payment_callback/application/tests/libraries/Entity/Transaction/TransactionId_test.php" line="33" assertions="1" time="0.045389"/>
        <testcase name="shouldBeNotConstructableWithNotValidValue with data set #4" class="Tests\libraries\Entity\Transaction\TransactionId_test" classname="Tests.libraries.Entity.Transaction.TransactionId_test" file="/home/antvolin/projects/payment_callback/application/tests/libraries/Entity/Transaction/TransactionId_test.php" line="33" assertions="1" time="0.045418"/>
        <testcase name="shouldBeNotConstructableWithNotValidValue with data set #5" class="Tests\libraries\Entity\Transaction\TransactionId_test" classname="Tests.libraries.Entity.Transaction.TransactionId_test" file="/home/antvolin/projects/payment_callback/application/tests/libraries/Entity/Transaction/TransactionId_test.php" line="33" assertions="1" time="0.046873"/>
        <testcase name="shouldBeNotConstructableWithNotValidValue with data set #6" class="Tests\libraries\Entity\Transaction\TransactionId_test" classname="Tests.libraries.Entity.Transaction.TransactionId_test" file="/home/antvolin/projects/payment_callback/application/tests/libraries/Entity/Transaction/TransactionId_test.php" line="33" assertions="1" time="0.046254"/>
      </testsuite>
    </testsuite>
    <testsuite name="Tests\libraries\Entity\Transaction\TransactionOperation_test" file="/home/antvolin/projects/payment_callback/application/tests/libraries/Entity/Transaction/TransactionOperation_test.php" tests="4" assertions="4" errors="0" warnings="0" failures="0" skipped="0" time="0.185757">
      <testcase name="shouldBeConstructable" class="Tests\libraries\Entity\Transaction\TransactionOperation_test" classname="Tests.libraries.Entity.Transaction.TransactionOperation_test" file="/home/antvolin/projects/payment_callback/application/tests/libraries/Entity/Transaction/TransactionOperation_test.php" line="16" assertions="1" time="0.047172"/>
      <testsuite name="Tests\libraries\Entity\Transaction\TransactionOperation_test::shouldBeNotConstructableWithNotValidValue" tests="3" assertions="3" errors="0" warnings="0" failures="0" skipped="0" time="0.138585">
        <testcase name="shouldBeNotConstructableWithNotValidValue with data set #0" class="Tests\libraries\Entity\Transaction\TransactionOperation_test" classname="Tests.libraries.Entity.Transaction.TransactionOperation_test" file="/home/antvolin/projects/payment_callback/application/tests/libraries/Entity/Transaction/TransactionOperation_test.php" line="33" assertions="1" time="0.047136"/>
        <testcase name="shouldBeNotConstructableWithNotValidValue with data set #1" class="Tests\libraries\Entity\Transaction\TransactionOperation_test" classname="Tests.libraries.Entity.Transaction.TransactionOperation_test" file="/home/antvolin/projects/payment_callback/application/tests/libraries/Entity/Transaction/TransactionOperation_test.php" line="33" assertions="1" time="0.045932"/>
        <testcase name="shouldBeNotConstructableWithNotValidValue with data set #2" class="Tests\libraries\Entity\Transaction\TransactionOperation_test" classname="Tests.libraries.Entity.Transaction.TransactionOperation_test" file="/home/antvolin/projects/payment_callback/application/tests/libraries/Entity/Transaction/TransactionOperation_test.php" line="33" assertions="1" time="0.045517"/>
      </testsuite>
    </testsuite>
    <testsuite name="Tests\libraries\Entity\Transaction\TransactionStatus_test" file="/home/antvolin/projects/payment_callback/application/tests/libraries/Entity/Transaction/TransactionStatus_test.php" tests="4" assertions="4" errors="0" warnings="0" failures="0" skipped="0" time="0.185029">
      <testcase name="shouldBeConstructable" class="Tests\libraries\Entity\Transaction\TransactionStatus_test" classname="Tests.libraries.Entity.Transaction.TransactionStatus_test" file="/home/antvolin/projects/payment_callback/application/tests/libraries/Entity/Transaction/TransactionStatus_test.php" line="16" assertions="1" time="0.046712"/>
      <testsuite name="Tests\libraries\Entity\Transaction\TransactionStatus_test::shouldBeNotConstructableWithNotValidValue" tests="3" assertions="3" errors="0" warnings="0" failures="0" skipped="0" time="0.138317">
        <testcase name="shouldBeNotConstructableWithNotValidValue with data set #0" class="Tests\libraries\Entity\Transaction\TransactionStatus_test" classname="Tests.libraries.Entity.Transaction.TransactionStatus_test" file="/home/antvolin/projects/payment_callback/application/tests/libraries/Entity/Transaction/TransactionStatus_test.php" line="33" assertions="1" time="0.046965"/>
        <testcase name="shouldBeNotConstructableWithNotValidValue with data set #1" class="Tests\libraries\Entity\Transaction\TransactionStatus_test" classname="Tests.libraries.Entity.Transaction.TransactionStatus_test" file="/home/antvolin/projects/payment_callback/application/tests/libraries/Entity/Transaction/TransactionStatus_test.php" line="33" assertions="1" time="0.045664"/>
        <testcase name="shouldBeNotConstructableWithNotValidValue with data set #2" class="Tests\libraries\Entity\Transaction\TransactionStatus_test" classname="Tests.libraries.Entity.Transaction.TransactionStatus_test" file="/home/antvolin/projects/payment_callback/application/tests/libraries/Entity/Transaction/TransactionStatus_test.php" line="33" assertions="1" time="0.045688"/>
      </testsuite>
    </testsuite>
    <testsuite name="Tests\libraries\Entity\Transaction\Transaction_test" file="/home/antvolin/projects/payment_callback/application/tests/libraries/Entity/Transaction/Transaction_test.php" tests="1" assertions="3" errors="0" warnings="0" failures="0" skipped="0" time="0.057657">
      <testcase name="shouldBeConstructable" class="Tests\libraries\Entity\Transaction\Transaction_test" classname="Tests.libraries.Entity.Transaction.Transaction_test" file="/home/antvolin/projects/payment_callback/application/tests/libraries/Entity/Transaction/Transaction_test.php" line="33" assertions="3" time="0.057657"/>
    </testsuite>
    <testsuite name="Tests\libraries\Factory\OrderFactory_test" file="/home/antvolin/projects/payment_callback/application/tests/libraries/Factory/OrderFactory_test.php" tests="4" assertions="5" errors="0" warnings="0" failures="0" skipped="0" time="0.191358">
      <testcase name="shouldBeCreatableOrder" class="Tests\libraries\Factory\OrderFactory_test" classname="Tests.libraries.Factory.OrderFactory_test" file="/home/antvolin/projects/payment_callback/application/tests/libraries/Factory/OrderFactory_test.php" line="24" assertions="2" time="0.049407"/>
      <testcase name="shouldBeNotCreatableOrderWithEmptyData" class="Tests\libraries\Factory\OrderFactory_test" classname="Tests.libraries.Factory.OrderFactory_test" file="/home/antvolin/projects/payment_callback/application/tests/libraries/Factory/OrderFactory_test.php" line="46" assertions="1" time="0.047580"/>
      <testcase name="shouldBeNotCreatableOrderWithEmptyOrderId" class="Tests\libraries\Factory\OrderFactory_test" classname="Tests.libraries.Factory.OrderFactory_test" file="/home/antvolin/projects/payment_callback/application/tests/libraries/Factory/OrderFactory_test.php" line="64" assertions="1" time="0.047605"/>
      <testcase name="shouldBeNotCreatableOrderWithEmptyOrderStatus" class="Tests\libraries\Factory\OrderFactory_test" classname="Tests.libraries.Factory.OrderFactory_test" file="/home/antvolin/projects/payment_callback/application/tests/libraries/Factory/OrderFactory_test.php" line="82" assertions="1" time="0.046766"/>
    </testsuite>
    <testsuite name="Tests\libraries\Factory\TransactionFactory_test" file="/home/antvolin/projects/payment_callback/application/tests/libraries/Factory/TransactionFactory_test.php" tests="5" assertions="7" errors="0" warnings="0" failures="0" skipped="0" time="0.238616">
      <testcase name="shouldBeCreatableOrder" class="Tests\libraries\Factory\TransactionFactory_test" classname="Tests.libraries.Factory.TransactionFactory_test" file="/home/antvolin/projects/payment_callback/application/tests/libraries/Factory/TransactionFactory_test.php" line="28" assertions="3" time="0.047934"/>
      <testcase name="shouldBeNotCreatableTransactionWithEmptyData" class="Tests\libraries\Factory\TransactionFactory_test" classname="Tests.libraries.Factory.TransactionFactory_test" file="/home/antvolin/projects/payment_callback/application/tests/libraries/Factory/TransactionFactory_test.php" line="54" assertions="1" time="0.047560"/>
      <testcase name="shouldBeNotCreatableTransactionWithEmptyTransactionId" class="Tests\libraries\Factory\TransactionFactory_test" classname="Tests.libraries.Factory.TransactionFactory_test" file="/home/antvolin/projects/payment_callback/application/tests/libraries/Factory/TransactionFactory_test.php" line="74" assertions="1" time="0.047843"/>
      <testcase name="shouldBeNotCreatableTransactionWithEmptyTransactionStatus" class="Tests\libraries\Factory\TransactionFactory_test" classname="Tests.libraries.Factory.TransactionFactory_test" file="/home/antvolin/projects/payment_callback/application/tests/libraries/Factory/TransactionFactory_test.php" line="94" assertions="1" time="0.047655"/>
      <testcase name="shouldBeNotCreatableTransactionWithEmptyTransactionOperation" class="Tests\libraries\Factory\TransactionFactory_test" classname="Tests.libraries.Factory.TransactionFactory_test" file="/home/antvolin/projects/payment_callback/application/tests/libraries/Factory/TransactionFactory_test.php" line="114" assertions="1" time="0.047624"/>
    </testsuite>
    <testsuite name="QueryBuilderOrderRepository_test" file="/home/antvolin/projects/payment_callback/application/tests/libraries/Repository/QueryBuilderOrderRepository_test.php" tests="3" assertions="4" errors="0" warnings="0" failures="0" skipped="0" time="0.274622">
      <testcase name="shouldBeConstructable" class="QueryBuilderOrderRepository_test" classname="QueryBuilderOrderRepository_test" file="/home/antvolin/projects/payment_callback/application/tests/libraries/Repository/QueryBuilderOrderRepository_test.php" line="43" assertions="2" time="0.061986"/>
      <testcase name="orderShouldBeAddable" class="QueryBuilderOrderRepository_test" classname="QueryBuilderOrderRepository_test" file="/home/antvolin/projects/payment_callback/application/tests/libraries/Repository/QueryBuilderOrderRepository_test.php" line="58" assertions="1" time="0.135289"/>
      <testcase name="orderShouldBeRemovable" class="QueryBuilderOrderRepository_test" classname="QueryBuilderOrderRepository_test" file="/home/antvolin/projects/payment_callback/application/tests/libraries/Repository/QueryBuilderOrderRepository_test.php" line="75" assertions="1" time="0.077347"/>
    </testsuite>
    <testsuite name="Tests\libraries\Services\CallbackRequestHandlerService_test" file="/home/antvolin/projects/payment_callback/application/tests/libraries/Services/CallbackRequestHandlerService_test.php" tests="1" assertions="0" errors="0" warnings="0" failures="0" skipped="1" time="0.047086">
      <testcase name="shouldBeConstructable" class="Tests\libraries\Services\CallbackRequestHandlerService_test" classname="Tests.libraries.Services.CallbackRequestHandlerService_test" file="/home/antvolin/projects/payment_callback/application/tests/libraries/Services/CallbackRequestHandlerService_test.php" line="12" assertions="0" time="0.047086">
        <skipped/>
      </testcase>
    </testsuite>
    <testsuite name="Tests\libraries\Services\FailPayStrategy_test" file="/home/antvolin/projects/payment_callback/application/tests/libraries/Services/FailPayStrategy_test.php" tests="1" assertions="0" errors="0" warnings="0" failures="0" skipped="1" time="0.045693">
      <testcase name="shouldBeConstructable" class="Tests\libraries\Services\FailPayStrategy_test" classname="Tests.libraries.Services.FailPayStrategy_test" file="/home/antvolin/projects/payment_callback/application/tests/libraries/Services/FailPayStrategy_test.php" line="12" assertions="0" time="0.045693">
        <skipped/>
      </testcase>
    </testsuite>
    <testsuite name="Tests\libraries\Services\OrderService_test" file="/home/antvolin/projects/payment_callback/application/tests/libraries/Services/OrderService_test.php" tests="1" assertions="0" errors="0" warnings="0" failures="0" skipped="1" time="0.046420">
      <testcase name="shouldBeConstructable" class="Tests\libraries\Services\OrderService_test" classname="Tests.libraries.Services.OrderService_test" file="/home/antvolin/projects/payment_callback/application/tests/libraries/Services/OrderService_test.php" line="12" assertions="0" time="0.046420">
        <skipped/>
      </testcase>
    </testsuite>
    <testsuite name="SuccessPayStrategy_test" file="/home/antvolin/projects/payment_callback/application/tests/libraries/Services/SuccessPayStrategy_test.php" tests="1" assertions="0" errors="1" warnings="0" failures="0" skipped="0" time="0.047939">
      <testcase name="shouldBeConstructable" class="SuccessPayStrategy_test" classname="SuccessPayStrategy_test" file="/home/antvolin/projects/payment_callback/application/tests/libraries/Services/SuccessPayStrategy_test.php" line="13" assertions="0" time="0.047939">
        <error type="ArgumentCountError">SuccessPayStrategy_test::shouldBeConstructable
ArgumentCountError: Too few arguments to function Lib\Services\SuccessPayStrategy::__construct(), 0 passed in /home/antvolin/projects/payment_callback/application/tests/libraries/Services/SuccessPayStrategy_test.php on line 15 and exactly 1 expected

/home/antvolin/projects/payment_callback/application/libraries/Services/SuccessPayStrategy.php:12
/home/antvolin/projects/payment_callback/application/tests/libraries/Services/SuccessPayStrategy_test.php:15
</error>
      </testcase>
    </testsuite>
  </testsuite>
</testsuites>
