<?xml version="1.0" encoding="UTF-8"?>
<testsuites>
  <testsuite name="CodeIgniter Application Test Suite" tests="53" assertions="59" errors="0" warnings="0" failures="0" skipped="4" time="2.876862">
    <testsuite name="Api_test" file="/home/antvolin/projects/payment_callback/application/tests/controllers/Api_test.php" tests="1" assertions="0" errors="0" warnings="0" failures="0" skipped="1" time="0.058688">
      <testcase name="shouldBeConstructable" class="Api_test" classname="Api_test" file="/home/antvolin/projects/payment_callback/application/tests/controllers/Api_test.php" line="8" assertions="0" time="0.058688">
        <skipped/>
      </testcase>
    </testsuite>
    <testsuite name="Page_test" file="/home/antvolin/projects/payment_callback/application/tests/controllers/Page_test.php" tests="1" assertions="0" errors="0" warnings="0" failures="0" skipped="1" time="0.048934">
      <testcase name="shouldBeConstructable" class="Page_test" classname="Page_test" file="/home/antvolin/projects/payment_callback/application/tests/controllers/Page_test.php" line="8" assertions="0" time="0.048934">
        <skipped/>
      </testcase>
    </testsuite>
    <testsuite name="Tests\libraries\Entity\Order\OrderId_test" file="/home/antvolin/projects/payment_callback/application/tests/libraries/Entity/Order/OrderId_test.php" tests="8" assertions="8" errors="0" warnings="0" failures="0" skipped="0" time="0.411547">
      <testcase name="shouldBeConstructable" class="Tests\libraries\Entity\Order\OrderId_test" classname="Tests.libraries.Entity.Order.OrderId_test" file="/home/antvolin/projects/payment_callback/application/tests/libraries/Entity/Order/OrderId_test.php" line="16" assertions="1" time="0.061950"/>
      <testsuite name="Tests\libraries\Entity\Order\OrderId_test::shouldBeNotConstructableWithNotValidValue" tests="7" assertions="7" errors="0" warnings="0" failures="0" skipped="0" time="0.349597">
        <testcase name="shouldBeNotConstructableWithNotValidValue with data set #0" class="Tests\libraries\Entity\Order\OrderId_test" classname="Tests.libraries.Entity.Order.OrderId_test" file="/home/antvolin/projects/payment_callback/application/tests/libraries/Entity/Order/OrderId_test.php" line="33" assertions="1" time="0.050727"/>
        <testcase name="shouldBeNotConstructableWithNotValidValue with data set #1" class="Tests\libraries\Entity\Order\OrderId_test" classname="Tests.libraries.Entity.Order.OrderId_test" file="/home/antvolin/projects/payment_callback/application/tests/libraries/Entity/Order/OrderId_test.php" line="33" assertions="1" time="0.048905"/>
        <testcase name="shouldBeNotConstructableWithNotValidValue with data set #2" class="Tests\libraries\Entity\Order\OrderId_test" classname="Tests.libraries.Entity.Order.OrderId_test" file="/home/antvolin/projects/payment_callback/application/tests/libraries/Entity/Order/OrderId_test.php" line="33" assertions="1" time="0.051158"/>
        <testcase name="shouldBeNotConstructableWithNotValidValue with data set #3" class="Tests\libraries\Entity\Order\OrderId_test" classname="Tests.libraries.Entity.Order.OrderId_test" file="/home/antvolin/projects/payment_callback/application/tests/libraries/Entity/Order/OrderId_test.php" line="33" assertions="1" time="0.049867"/>
        <testcase name="shouldBeNotConstructableWithNotValidValue with data set #4" class="Tests\libraries\Entity\Order\OrderId_test" classname="Tests.libraries.Entity.Order.OrderId_test" file="/home/antvolin/projects/payment_callback/application/tests/libraries/Entity/Order/OrderId_test.php" line="33" assertions="1" time="0.050254"/>
        <testcase name="shouldBeNotConstructableWithNotValidValue with data set #5" class="Tests\libraries\Entity\Order\OrderId_test" classname="Tests.libraries.Entity.Order.OrderId_test" file="/home/antvolin/projects/payment_callback/application/tests/libraries/Entity/Order/OrderId_test.php" line="33" assertions="1" time="0.049058"/>
        <testcase name="shouldBeNotConstructableWithNotValidValue with data set #6" class="Tests\libraries\Entity\Order\OrderId_test" classname="Tests.libraries.Entity.Order.OrderId_test" file="/home/antvolin/projects/payment_callback/application/tests/libraries/Entity/Order/OrderId_test.php" line="33" assertions="1" time="0.049628"/>
      </testsuite>
    </testsuite>
    <testsuite name="Tests\libraries\Entity\Order\OrderStatus_test" file="/home/antvolin/projects/payment_callback/application/tests/libraries/Entity/Order/OrderStatus_test.php" tests="8" assertions="8" errors="0" warnings="0" failures="0" skipped="0" time="0.407430">
      <testcase name="shouldBeConstructable" class="Tests\libraries\Entity\Order\OrderStatus_test" classname="Tests.libraries.Entity.Order.OrderStatus_test" file="/home/antvolin/projects/payment_callback/application/tests/libraries/Entity/Order/OrderStatus_test.php" line="16" assertions="1" time="0.050208"/>
      <testsuite name="Tests\libraries\Entity\Order\OrderStatus_test::shouldBeNotConstructableWithNotValidValue" tests="7" assertions="7" errors="0" warnings="0" failures="0" skipped="0" time="0.357222">
        <testcase name="shouldBeNotConstructableWithNotValidValue with data set #0" class="Tests\libraries\Entity\Order\OrderStatus_test" classname="Tests.libraries.Entity.Order.OrderStatus_test" file="/home/antvolin/projects/payment_callback/application/tests/libraries/Entity/Order/OrderStatus_test.php" line="33" assertions="1" time="0.051786"/>
        <testcase name="shouldBeNotConstructableWithNotValidValue with data set #1" class="Tests\libraries\Entity\Order\OrderStatus_test" classname="Tests.libraries.Entity.Order.OrderStatus_test" file="/home/antvolin/projects/payment_callback/application/tests/libraries/Entity/Order/OrderStatus_test.php" line="33" assertions="1" time="0.049180"/>
        <testcase name="shouldBeNotConstructableWithNotValidValue with data set #2" class="Tests\libraries\Entity\Order\OrderStatus_test" classname="Tests.libraries.Entity.Order.OrderStatus_test" file="/home/antvolin/projects/payment_callback/application/tests/libraries/Entity/Order/OrderStatus_test.php" line="33" assertions="1" time="0.051259"/>
        <testcase name="shouldBeNotConstructableWithNotValidValue with data set #3" class="Tests\libraries\Entity\Order\OrderStatus_test" classname="Tests.libraries.Entity.Order.OrderStatus_test" file="/home/antvolin/projects/payment_callback/application/tests/libraries/Entity/Order/OrderStatus_test.php" line="33" assertions="1" time="0.049657"/>
        <testcase name="shouldBeNotConstructableWithNotValidValue with data set #4" class="Tests\libraries\Entity\Order\OrderStatus_test" classname="Tests.libraries.Entity.Order.OrderStatus_test" file="/home/antvolin/projects/payment_callback/application/tests/libraries/Entity/Order/OrderStatus_test.php" line="33" assertions="1" time="0.049669"/>
        <testcase name="shouldBeNotConstructableWithNotValidValue with data set #5" class="Tests\libraries\Entity\Order\OrderStatus_test" classname="Tests.libraries.Entity.Order.OrderStatus_test" file="/home/antvolin/projects/payment_callback/application/tests/libraries/Entity/Order/OrderStatus_test.php" line="33" assertions="1" time="0.048441"/>
        <testcase name="shouldBeNotConstructableWithNotValidValue with data set #6" class="Tests\libraries\Entity\Order\OrderStatus_test" classname="Tests.libraries.Entity.Order.OrderStatus_test" file="/home/antvolin/projects/payment_callback/application/tests/libraries/Entity/Order/OrderStatus_test.php" line="33" assertions="1" time="0.057230"/>
      </testsuite>
    </testsuite>
    <testsuite name="Tests\libraries\Entity\Order\Order_test" file="/home/antvolin/projects/payment_callback/application/tests/libraries/Entity/Order/Order_test.php" tests="2" assertions="2" errors="0" warnings="0" failures="0" skipped="0" time="0.158529">
      <testcase name="shouldBeConstructable" class="Tests\libraries\Entity\Order\Order_test" classname="Tests.libraries.Entity.Order.Order_test" file="/home/antvolin/projects/payment_callback/application/tests/libraries/Entity/Order/Order_test.php" line="28" assertions="1" time="0.093952"/>
      <testcase name="shouldBeConvertedToArray" class="Tests\libraries\Entity\Order\Order_test" classname="Tests.libraries.Entity.Order.Order_test" file="/home/antvolin/projects/payment_callback/application/tests/libraries/Entity/Order/Order_test.php" line="38" assertions="1" time="0.064577"/>
    </testsuite>
    <testsuite name="Tests\libraries\Entity\Transaction\TransactionId_test" file="/home/antvolin/projects/payment_callback/application/tests/libraries/Entity/Transaction/TransactionId_test.php" tests="8" assertions="8" errors="0" warnings="0" failures="0" skipped="0" time="0.423550">
      <testcase name="shouldBeConstructable" class="Tests\libraries\Entity\Transaction\TransactionId_test" classname="Tests.libraries.Entity.Transaction.TransactionId_test" file="/home/antvolin/projects/payment_callback/application/tests/libraries/Entity/Transaction/TransactionId_test.php" line="16" assertions="1" time="0.062703"/>
      <testsuite name="Tests\libraries\Entity\Transaction\TransactionId_test::shouldBeNotConstructableWithNotValidValue" tests="7" assertions="7" errors="0" warnings="0" failures="0" skipped="0" time="0.360847">
        <testcase name="shouldBeNotConstructableWithNotValidValue with data set #0" class="Tests\libraries\Entity\Transaction\TransactionId_test" classname="Tests.libraries.Entity.Transaction.TransactionId_test" file="/home/antvolin/projects/payment_callback/application/tests/libraries/Entity/Transaction/TransactionId_test.php" line="33" assertions="1" time="0.056776"/>
        <testcase name="shouldBeNotConstructableWithNotValidValue with data set #1" class="Tests\libraries\Entity\Transaction\TransactionId_test" classname="Tests.libraries.Entity.Transaction.TransactionId_test" file="/home/antvolin/projects/payment_callback/application/tests/libraries/Entity/Transaction/TransactionId_test.php" line="33" assertions="1" time="0.055347"/>
        <testcase name="shouldBeNotConstructableWithNotValidValue with data set #2" class="Tests\libraries\Entity\Transaction\TransactionId_test" classname="Tests.libraries.Entity.Transaction.TransactionId_test" file="/home/antvolin/projects/payment_callback/application/tests/libraries/Entity/Transaction/TransactionId_test.php" line="33" assertions="1" time="0.048530"/>
        <testcase name="shouldBeNotConstructableWithNotValidValue with data set #3" class="Tests\libraries\Entity\Transaction\TransactionId_test" classname="Tests.libraries.Entity.Transaction.TransactionId_test" file="/home/antvolin/projects/payment_callback/application/tests/libraries/Entity/Transaction/TransactionId_test.php" line="33" assertions="1" time="0.048243"/>
        <testcase name="shouldBeNotConstructableWithNotValidValue with data set #4" class="Tests\libraries\Entity\Transaction\TransactionId_test" classname="Tests.libraries.Entity.Transaction.TransactionId_test" file="/home/antvolin/projects/payment_callback/application/tests/libraries/Entity/Transaction/TransactionId_test.php" line="33" assertions="1" time="0.054178"/>
        <testcase name="shouldBeNotConstructableWithNotValidValue with data set #5" class="Tests\libraries\Entity\Transaction\TransactionId_test" classname="Tests.libraries.Entity.Transaction.TransactionId_test" file="/home/antvolin/projects/payment_callback/application/tests/libraries/Entity/Transaction/TransactionId_test.php" line="33" assertions="1" time="0.048788"/>
        <testcase name="shouldBeNotConstructableWithNotValidValue with data set #6" class="Tests\libraries\Entity\Transaction\TransactionId_test" classname="Tests.libraries.Entity.Transaction.TransactionId_test" file="/home/antvolin/projects/payment_callback/application/tests/libraries/Entity/Transaction/TransactionId_test.php" line="33" assertions="1" time="0.048985"/>
      </testsuite>
    </testsuite>
    <testsuite name="Tests\libraries\Entity\Transaction\TransactionOperation_test" file="/home/antvolin/projects/payment_callback/application/tests/libraries/Entity/Transaction/TransactionOperation_test.php" tests="4" assertions="4" errors="0" warnings="0" failures="0" skipped="0" time="0.204215">
      <testcase name="shouldBeConstructable" class="Tests\libraries\Entity\Transaction\TransactionOperation_test" classname="Tests.libraries.Entity.Transaction.TransactionOperation_test" file="/home/antvolin/projects/payment_callback/application/tests/libraries/Entity/Transaction/TransactionOperation_test.php" line="16" assertions="1" time="0.049666"/>
      <testsuite name="Tests\libraries\Entity\Transaction\TransactionOperation_test::shouldBeNotConstructableWithNotValidValue" tests="3" assertions="3" errors="0" warnings="0" failures="0" skipped="0" time="0.154548">
        <testcase name="shouldBeNotConstructableWithNotValidValue with data set #0" class="Tests\libraries\Entity\Transaction\TransactionOperation_test" classname="Tests.libraries.Entity.Transaction.TransactionOperation_test" file="/home/antvolin/projects/payment_callback/application/tests/libraries/Entity/Transaction/TransactionOperation_test.php" line="33" assertions="1" time="0.054632"/>
        <testcase name="shouldBeNotConstructableWithNotValidValue with data set #1" class="Tests\libraries\Entity\Transaction\TransactionOperation_test" classname="Tests.libraries.Entity.Transaction.TransactionOperation_test" file="/home/antvolin/projects/payment_callback/application/tests/libraries/Entity/Transaction/TransactionOperation_test.php" line="33" assertions="1" time="0.051243"/>
        <testcase name="shouldBeNotConstructableWithNotValidValue with data set #2" class="Tests\libraries\Entity\Transaction\TransactionOperation_test" classname="Tests.libraries.Entity.Transaction.TransactionOperation_test" file="/home/antvolin/projects/payment_callback/application/tests/libraries/Entity/Transaction/TransactionOperation_test.php" line="33" assertions="1" time="0.048673"/>
      </testsuite>
    </testsuite>
    <testsuite name="Tests\libraries\Entity\Transaction\TransactionStatus_test" file="/home/antvolin/projects/payment_callback/application/tests/libraries/Entity/Transaction/TransactionStatus_test.php" tests="4" assertions="4" errors="0" warnings="0" failures="0" skipped="0" time="0.198888">
      <testcase name="shouldBeConstructable" class="Tests\libraries\Entity\Transaction\TransactionStatus_test" classname="Tests.libraries.Entity.Transaction.TransactionStatus_test" file="/home/antvolin/projects/payment_callback/application/tests/libraries/Entity/Transaction/TransactionStatus_test.php" line="16" assertions="1" time="0.051399"/>
      <testsuite name="Tests\libraries\Entity\Transaction\TransactionStatus_test::shouldBeNotConstructableWithNotValidValue" tests="3" assertions="3" errors="0" warnings="0" failures="0" skipped="0" time="0.147489">
        <testcase name="shouldBeNotConstructableWithNotValidValue with data set #0" class="Tests\libraries\Entity\Transaction\TransactionStatus_test" classname="Tests.libraries.Entity.Transaction.TransactionStatus_test" file="/home/antvolin/projects/payment_callback/application/tests/libraries/Entity/Transaction/TransactionStatus_test.php" line="33" assertions="1" time="0.049657"/>
        <testcase name="shouldBeNotConstructableWithNotValidValue with data set #1" class="Tests\libraries\Entity\Transaction\TransactionStatus_test" classname="Tests.libraries.Entity.Transaction.TransactionStatus_test" file="/home/antvolin/projects/payment_callback/application/tests/libraries/Entity/Transaction/TransactionStatus_test.php" line="33" assertions="1" time="0.048850"/>
        <testcase name="shouldBeNotConstructableWithNotValidValue with data set #2" class="Tests\libraries\Entity\Transaction\TransactionStatus_test" classname="Tests.libraries.Entity.Transaction.TransactionStatus_test" file="/home/antvolin/projects/payment_callback/application/tests/libraries/Entity/Transaction/TransactionStatus_test.php" line="33" assertions="1" time="0.048982"/>
      </testsuite>
    </testsuite>
    <testsuite name="Tests\libraries\Entity\Transaction\Transaction_test" file="/home/antvolin/projects/payment_callback/application/tests/libraries/Entity/Transaction/Transaction_test.php" tests="1" assertions="3" errors="0" warnings="0" failures="0" skipped="0" time="0.060918">
      <testcase name="shouldBeConstructable" class="Tests\libraries\Entity\Transaction\Transaction_test" classname="Tests.libraries.Entity.Transaction.Transaction_test" file="/home/antvolin/projects/payment_callback/application/tests/libraries/Entity/Transaction/Transaction_test.php" line="33" assertions="3" time="0.060918"/>
    </testsuite>
    <testsuite name="Tests\libraries\Factory\OrderFactory_test" file="/home/antvolin/projects/payment_callback/application/tests/libraries/Factory/OrderFactory_test.php" tests="4" assertions="5" errors="0" warnings="0" failures="0" skipped="0" time="0.207440">
      <testcase name="shouldBeCreatableOrder" class="Tests\libraries\Factory\OrderFactory_test" classname="Tests.libraries.Factory.OrderFactory_test" file="/home/antvolin/projects/payment_callback/application/tests/libraries/Factory/OrderFactory_test.php" line="24" assertions="2" time="0.058151"/>
      <testcase name="shouldBeNotCreatableOrderWithEmptyData" class="Tests\libraries\Factory\OrderFactory_test" classname="Tests.libraries.Factory.OrderFactory_test" file="/home/antvolin/projects/payment_callback/application/tests/libraries/Factory/OrderFactory_test.php" line="46" assertions="1" time="0.050391"/>
      <testcase name="shouldBeNotCreatableOrderWithEmptyOrderId" class="Tests\libraries\Factory\OrderFactory_test" classname="Tests.libraries.Factory.OrderFactory_test" file="/home/antvolin/projects/payment_callback/application/tests/libraries/Factory/OrderFactory_test.php" line="64" assertions="1" time="0.047482"/>
      <testcase name="shouldBeNotCreatableOrderWithEmptyOrderStatus" class="Tests\libraries\Factory\OrderFactory_test" classname="Tests.libraries.Factory.OrderFactory_test" file="/home/antvolin/projects/payment_callback/application/tests/libraries/Factory/OrderFactory_test.php" line="82" assertions="1" time="0.051416"/>
    </testsuite>
    <testsuite name="Tests\libraries\Factory\TransactionFactory_test" file="/home/antvolin/projects/payment_callback/application/tests/libraries/Factory/TransactionFactory_test.php" tests="5" assertions="7" errors="0" warnings="0" failures="0" skipped="0" time="0.259286">
      <testcase name="shouldBeCreatableOrder" class="Tests\libraries\Factory\TransactionFactory_test" classname="Tests.libraries.Factory.TransactionFactory_test" file="/home/antvolin/projects/payment_callback/application/tests/libraries/Factory/TransactionFactory_test.php" line="28" assertions="3" time="0.050714"/>
      <testcase name="shouldBeNotCreatableTransactionWithEmptyData" class="Tests\libraries\Factory\TransactionFactory_test" classname="Tests.libraries.Factory.TransactionFactory_test" file="/home/antvolin/projects/payment_callback/application/tests/libraries/Factory/TransactionFactory_test.php" line="54" assertions="1" time="0.053933"/>
      <testcase name="shouldBeNotCreatableTransactionWithEmptyTransactionId" class="Tests\libraries\Factory\TransactionFactory_test" classname="Tests.libraries.Factory.TransactionFactory_test" file="/home/antvolin/projects/payment_callback/application/tests/libraries/Factory/TransactionFactory_test.php" line="74" assertions="1" time="0.053661"/>
      <testcase name="shouldBeNotCreatableTransactionWithEmptyTransactionStatus" class="Tests\libraries\Factory\TransactionFactory_test" classname="Tests.libraries.Factory.TransactionFactory_test" file="/home/antvolin/projects/payment_callback/application/tests/libraries/Factory/TransactionFactory_test.php" line="94" assertions="1" time="0.050204"/>
      <testcase name="shouldBeNotCreatableTransactionWithEmptyTransactionOperation" class="Tests\libraries\Factory\TransactionFactory_test" classname="Tests.libraries.Factory.TransactionFactory_test" file="/home/antvolin/projects/payment_callback/application/tests/libraries/Factory/TransactionFactory_test.php" line="114" assertions="1" time="0.050774"/>
    </testsuite>
    <testsuite name="QueryBuilderOrderRepository_test" file="/home/antvolin/projects/payment_callback/application/tests/libraries/Repository/QueryBuilderOrderRepository_test.php" tests="3" assertions="4" errors="0" warnings="0" failures="0" skipped="0" time="0.216173">
      <testcase name="shouldBeConstructable" class="QueryBuilderOrderRepository_test" classname="QueryBuilderOrderRepository_test" file="/home/antvolin/projects/payment_callback/application/tests/libraries/Repository/QueryBuilderOrderRepository_test.php" line="43" assertions="2" time="0.060260"/>
      <testcase name="orderShouldBeAddable" class="QueryBuilderOrderRepository_test" classname="QueryBuilderOrderRepository_test" file="/home/antvolin/projects/payment_callback/application/tests/libraries/Repository/QueryBuilderOrderRepository_test.php" line="58" assertions="1" time="0.079972"/>
      <testcase name="orderShouldBeRemovable" class="QueryBuilderOrderRepository_test" classname="QueryBuilderOrderRepository_test" file="/home/antvolin/projects/payment_callback/application/tests/libraries/Repository/QueryBuilderOrderRepository_test.php" line="75" assertions="1" time="0.075941"/>
    </testsuite>
    <testsuite name="Tests\libraries\Services\CallbackRequestHandlerService_test" file="/home/antvolin/projects/payment_callback/application/tests/libraries/Services/CallbackRequestHandlerService_test.php" tests="1" assertions="0" errors="0" warnings="0" failures="0" skipped="1" time="0.051241">
      <testcase name="shouldBeConstructable" class="Tests\libraries\Services\CallbackRequestHandlerService_test" classname="Tests.libraries.Services.CallbackRequestHandlerService_test" file="/home/antvolin/projects/payment_callback/application/tests/libraries/Services/CallbackRequestHandlerService_test.php" line="12" assertions="0" time="0.051241">
        <skipped/>
      </testcase>
    </testsuite>
    <testsuite name="FailPayStrategy_test" file="/home/antvolin/projects/payment_callback/application/tests/libraries/Services/FailPayStrategy_test.php" tests="1" assertions="4" errors="0" warnings="0" failures="0" skipped="0" time="0.065491">
      <testcase name="shouldBeConstructable" class="FailPayStrategy_test" classname="FailPayStrategy_test" file="/home/antvolin/projects/payment_callback/application/tests/libraries/Services/FailPayStrategy_test.php" line="35" assertions="4" time="0.065491"/>
    </testsuite>
    <testsuite name="Tests\libraries\Services\OrderService_test" file="/home/antvolin/projects/payment_callback/application/tests/libraries/Services/OrderService_test.php" tests="1" assertions="0" errors="0" warnings="0" failures="0" skipped="1" time="0.051365">
      <testcase name="shouldBeConstructable" class="Tests\libraries\Services\OrderService_test" classname="Tests.libraries.Services.OrderService_test" file="/home/antvolin/projects/payment_callback/application/tests/libraries/Services/OrderService_test.php" line="12" assertions="0" time="0.051365">
        <skipped/>
      </testcase>
    </testsuite>
    <testsuite name="SuccessPayStrategy_test" file="/home/antvolin/projects/payment_callback/application/tests/libraries/Services/SuccessPayStrategy_test.php" tests="1" assertions="2" errors="0" warnings="0" failures="0" skipped="0" time="0.053167">
      <testcase name="shouldBeRedirectToThankYouPage" class="SuccessPayStrategy_test" classname="SuccessPayStrategy_test" file="/home/antvolin/projects/payment_callback/application/tests/libraries/Services/SuccessPayStrategy_test.php" line="11" assertions="2" time="0.053167"/>
    </testsuite>
  </testsuite>
</testsuites>
